<?xml version="1.0" encoding="UTF-8" ?>
<testsuite tests="13" failures="0" name="at.campus.iit.StringQueueTest" time="0.005" errors="0" skipped="0">
  <properties>
[...]
</properties>
  <testcase classname="at.campus.iit.StringQueueTest" name="testOfferAndElement1" time="0.002"/>
  <testcase classname="at.campus.iit.StringQueueTest" name="testOfferAndElement2" time="0"/>
  <testcase classname="at.campus.iit.StringQueueTest" name="testOfferAndElemnt" time="0"/>
  <testcase classname="at.campus.iit.StringQueueTest" name="testElement1" time="0"/>
  <testcase classname="at.campus.iit.StringQueueTest" name="testOfferAndRemove1" time="0"/>
  <testcase classname="at.campus.iit.StringQueueTest" name="testOfferAndRemove2" time="0"/>
  <testcase classname="at.campus.iit.StringQueueTest" name="testOffer1" time="0.001"/>
  <testcase classname="at.campus.iit.StringQueueTest" name="testOffer2" time="0"/>
  <testcase classname="at.campus.iit.StringQueueTest" name="testAllMethods" time="0"/>
  <testcase classname="at.campus.iit.StringQueueTest" name="testOfferAndPeek1" time="0.001"/>
  <testcase classname="at.campus.iit.StringQueueTest" name="testOfferAndPeek2" time="0"/>
  <testcase classname="at.campus.iit.StringQueueTest" name="testOfferAndPoll1" time="0.001"/>
  <testcase classname="at.campus.iit.StringQueueTest" name="testOfferAndPoll2" time="0"/>
</testsuite>